# Java VM: Java HotSpot(TM) 64-Bit Server VM (17.0.10+11-LTS-240, mixed mode, sharing, tiered, compressed oops, compressed class ptrs, g1 gc, windows-amd64)
GC Precious Log:
 CPUs: 4 total, 4 available
 Memory: 16247M
 Large Page Support: Disabled
 NUMA Support: Disabled
 Compressed Oops: Enabled (32-bit)
 Heap Region Size: 1M
 Heap Min Capacity: 8M
 Heap Initial Capacity: 254M
 Heap Max Capacity: 2G
 Pre-touch: Disabled
 Parallel Workers: 4
 Concurrent Workers: 1
 Concurrent Refinement Workers: 4
 Periodic GC: Disabled
Heap:
 garbage-first heap   total 227328K, used 185221K [0x0000000080000000, 0x0000000100000000)
  region size 1024K, 33 young (33792K), 6 survivors (6144K)
 Metaspace       used 102070K, committed 103168K, reserved 557056K
  class space    used 14262K, committed 14784K, reserved 425984K
GC Heap History (20 events):
Event: 83.527 GC heap before
{Heap before GC invocations=53 (full 0):
 garbage-first heap   total 199680K, used 154713K [0x0000000080000000, 0x0000000100000000)
  region size 1024K, 62 young (63488K), 5 survivors (5120K)
 Metaspace       used 91586K, committed 92480K, reserved 557056K
  class space    used 12821K, committed 13248K, reserved 425984K
}
Event: 83.548 GC heap after
{Heap after GC invocations=54 (full 0):
 garbage-first heap   total 199680K, used 101886K [0x0000000080000000, 0x0000000100000000)
  region size 1024K, 8 young (8192K), 8 survivors (8192K)
 Metaspace       used 91586K, committed 92480K, reserved 557056K
  class space    used 12821K, committed 13248K, reserved 425984K
}
Event: 85.953 GC heap before
{Heap before GC invocations=55 (full 0):
 garbage-first heap   total 199680K, used 158206K [0x0000000080000000, 0x0000000100000000)
  region size 1024K, 62 young (63488K), 8 survivors (8192K)
 Metaspace       used 94510K, committed 95424K, reserved 557056K
  class space    used 13216K, committed 13632K, reserved 425984K
}
Event: 85.974 GC heap after
{Heap after GC invocations=56 (full 0):
 garbage-first heap   total 199680K, used 115338K [0x0000000080000000, 0x0000000100000000)
  region size 1024K, 8 young (8192K), 8 survivors (8192K)
 Metaspace       used 94510K, committed 95424K, reserved 557056K
  class space    used 13216K, committed 13632K, reserved 425984K
}
Event: 86.001 GC heap before
{Heap before GC invocations=56 (full 0):
 garbage-first heap   total 199680K, used 116362K [0x0000000080000000, 0x0000000100000000)
  region size 1024K, 9 young (9216K), 8 survivors (8192K)
 Metaspace       used 94526K, committed 95424K, reserved 557056K
  class space    used 13217K, committed 13632K, reserved 425984K
}
Event: 86.017 GC heap after
{Heap after GC invocations=57 (full 0):
 garbage-first heap   total 199680K, used 117596K [0x0000000080000000, 0x0000000100000000)
  region size 1024K, 1 young (1024K), 1 survivors (1024K)
 Metaspace       used 94526K, committed 95424K, reserved 557056K
  class space    used 13217K, committed 13632K, reserved 425984K
}
Event: 88.435 GC heap before
{Heap before GC invocations=57 (full 0):
 garbage-first heap   total 199680K, used 163676K [0x0000000080000000, 0x0000000100000000)
  region size 1024K, 42 young (43008K), 1 survivors (1024K)
 Metaspace       used 95350K, committed 96384K, reserved 557056K
  class space    used 13349K, committed 13824K, reserved 425984K
}
Event: 88.446 GC heap after
{Heap after GC invocations=58 (full 0):
 garbage-first heap   total 199680K, used 131049K [0x0000000080000000, 0x0000000100000000)
  region size 1024K, 6 young (6144K), 6 survivors (6144K)
 Metaspace       used 95350K, committed 96384K, reserved 557056K
  class space    used 13349K, committed 13824K, reserved 425984K
}
Event: 89.992 GC heap before
{Heap before GC invocations=59 (full 0):
 garbage-first heap   total 227328K, used 158697K [0x0000000080000000, 0x0000000100000000)
  region size 1024K, 33 young (33792K), 6 survivors (6144K)
 Metaspace       used 97129K, committed 98112K, reserved 557056K
  class space    used 13576K, committed 14016K, reserved 425984K
}
Event: 90.006 GC heap after
{Heap after GC invocations=60 (full 0):
 garbage-first heap   total 227328K, used 134076K [0x0000000080000000, 0x0000000100000000)
  region size 1024K, 3 young (3072K), 3 survivors (3072K)
 Metaspace       used 97129K, committed 98112K, reserved 557056K
  class space    used 13576K, committed 14016K, reserved 425984K
}
Event: 91.173 GC heap before
{Heap before GC invocations=60 (full 0):
 garbage-first heap   total 227328K, used 142268K [0x0000000080000000, 0x0000000100000000)
  region size 1024K, 11 young (11264K), 3 survivors (3072K)
 Metaspace       used 97474K, committed 98560K, reserved 557056K
  class space    used 13615K, committed 14080K, reserved 425984K
}
Event: 91.180 GC heap after
{Heap after GC invocations=61 (full 0):
 garbage-first heap   total 227328K, used 133955K [0x0000000080000000, 0x0000000100000000)
  region size 1024K, 1 young (1024K), 1 survivors (1024K)
 Metaspace       used 97474K, committed 98560K, reserved 557056K
  class space    used 13615K, committed 14080K, reserved 425984K
}
Event: 92.812 GC heap before
{Heap before GC invocations=61 (full 0):
 garbage-first heap   total 227328K, used 180035K [0x0000000080000000, 0x0000000100000000)
  region size 1024K, 46 young (47104K), 1 survivors (1024K)
 Metaspace       used 99794K, committed 100864K, reserved 557056K
  class space    used 13970K, committed 14464K, reserved 425984K
}
Event: 92.819 GC heap after
{Heap after GC invocations=62 (full 0):
 garbage-first heap   total 227328K, used 136122K [0x0000000080000000, 0x0000000100000000)
  region size 1024K, 3 young (3072K), 3 survivors (3072K)
 Metaspace       used 99794K, committed 100864K, reserved 557056K
  class space    used 13970K, committed 14464K, reserved 425984K
}
Event: 97.012 GC heap before
{Heap before GC invocations=62 (full 0):
 garbage-first heap   total 227328K, used 183226K [0x0000000080000000, 0x0000000100000000)
  region size 1024K, 49 young (50176K), 3 survivors (3072K)
 Metaspace       used 101219K, committed 102272K, reserved 557056K
  class space    used 14161K, committed 14656K, reserved 425984K
}
Event: 97.028 GC heap after
{Heap after GC invocations=63 (full 0):
 garbage-first heap   total 227328K, used 141523K [0x0000000080000000, 0x0000000100000000)
  region size 1024K, 7 young (7168K), 7 survivors (7168K)
 Metaspace       used 101219K, committed 102272K, reserved 557056K
  class space    used 14161K, committed 14656K, reserved 425984K
}
Event: 99.553 GC heap before
{Heap before GC invocations=63 (full 0):
 garbage-first heap   total 227328K, used 185555K [0x0000000080000000, 0x0000000100000000)
  region size 1024K, 50 young (51200K), 7 survivors (7168K)
 Metaspace       used 101351K, committed 102400K, reserved 557056K
  class space    used 14172K, committed 14656K, reserved 425984K
}
Event: 99.592 GC heap after
{Heap after GC invocations=64 (full 0):
 garbage-first heap   total 227328K, used 149467K [0x0000000080000000, 0x0000000100000000)
  region size 1024K, 7 young (7168K), 7 survivors (7168K)
 Metaspace       used 101351K, committed 102400K, reserved 557056K
  class space    used 14172K, committed 14656K, reserved 425984K
}
Event: 110.454 GC heap before
{Heap before GC invocations=64 (full 0):
 garbage-first heap   total 227328K, used 187355K [0x0000000080000000, 0x0000000100000000)
  region size 1024K, 44 young (45056K), 7 survivors (7168K)
 Metaspace       used 101694K, committed 102784K, reserved 557056K
  class space    used 14207K, committed 14720K, reserved 425984K
}
Event: 110.480 GC heap after
{Heap after GC invocations=65 (full 0):
 garbage-first heap   total 227328K, used 156549K [0x0000000080000000, 0x0000000100000000)
  region size 1024K, 6 young (6144K), 6 survivors (6144K)
 Metaspace       used 101694K, committed 102784K, reserved 557056K
  class space    used 14207K, committed 14720K, reserved 425984K
}

